<?xml version="1.0" encoding="UTF-8"?>
<testsuite xmlns:xsi="http://www.w3.org/2001/XMLSchema-instance" xsi:noNamespaceSchemaLocation="https://maven.apache.org/surefire/maven-surefire-plugin/xsd/surefire-test-report.xsd" name="github.com.patrickeklund.automaticbuild.AutomaticBuildApplicationTest" time="2.309" tests="1" errors="0" skipped="0" failures="0">
  <properties>
    <property name="gopherProxySet" value="false"/>
    <property name="awt.toolkit" value="sun.lwawt.macosx.LWCToolkit"/>
    <property name="file.encoding.pkg" value="sun.io"/>
    <property name="java.specification.version" value="1.8"/>
    <property name="sun.cpu.isalist" value=""/>
    <property name="sun.jnu.encoding" value="UTF-8"/>
    <property name="java.class.path" value="/Users/patrickeklund/Code/GitHub/automaticBuild/server/target/test-classes:/Users/patrickeklund/Code/GitHub/automaticBuild/server/target/classes:/Users/patrickeklund/apache-maven/apache-maven-repo/org/springframework/boot/spring-boot-starter-web/1.5.8.RELEASE/spring-boot-starter-web-1.5.8.RELEASE.jar:/Users/patrickeklund/apache-maven/apache-maven-repo/org/springframework/boot/spring-boot-starter/1.5.8.RELEASE/spring-boot-starter-1.5.8.RELEASE.jar:/Users/patrickeklund/apache-maven/apache-maven-repo/org/springframework/boot/spring-boot/1.5.8.RELEASE/spring-boot-1.5.8.RELEASE.jar:/Users/patrickeklund/apache-maven/apache-maven-repo/org/springframework/boot/spring-boot-autoconfigure/1.5.8.RELEASE/spring-boot-autoconfigure-1.5.8.RELEASE.jar:/Users/patrickeklund/apache-maven/apache-maven-repo/org/springframework/boot/spring-boot-starter-logging/1.5.8.RELEASE/spring-boot-starter-logging-1.5.8.RELEASE.jar:/Users/patrickeklund/apache-maven/apache-maven-repo/ch/qos/logback/logback-classic/1.1.11/logback-classic-1.1.11.jar:/Users/patrickeklund/apache-maven/apache-maven-repo/ch/qos/logback/logback-core/1.1.11/logback-core-1.1.11.jar:/Users/patrickeklund/apache-maven/apache-maven-repo/org/slf4j/jcl-over-slf4j/1.7.25/jcl-over-slf4j-1.7.25.jar:/Users/patrickeklund/apache-maven/apache-maven-repo/org/slf4j/jul-to-slf4j/1.7.25/jul-to-slf4j-1.7.25.jar:/Users/patrickeklund/apache-maven/apache-maven-repo/org/slf4j/log4j-over-slf4j/1.7.25/log4j-over-slf4j-1.7.25.jar:/Users/patrickeklund/apache-maven/apache-maven-repo/org/yaml/snakeyaml/1.17/snakeyaml-1.17.jar:/Users/patrickeklund/apache-maven/apache-maven-repo/org/springframework/boot/spring-boot-starter-tomcat/1.5.8.RELEASE/spring-boot-starter-tomcat-1.5.8.RELEASE.jar:/Users/patrickeklund/apache-maven/apache-maven-repo/org/apache/tomcat/embed/tomcat-embed-core/8.5.23/tomcat-embed-core-8.5.23.jar:/Users/patrickeklund/apache-maven/apache-maven-repo/org/apache/tomcat/tomcat-annotations-api/8.5.23/tomcat-annotations-api-8.5.23.jar:/Users/patrickeklund/apache-maven/apache-maven-repo/org/apache/tomcat/embed/tomcat-embed-el/8.5.23/tomcat-embed-el-8.5.23.jar:/Users/patrickeklund/apache-maven/apache-maven-repo/org/apache/tomcat/embed/tomcat-embed-websocket/8.5.23/tomcat-embed-websocket-8.5.23.jar:/Users/patrickeklund/apache-maven/apache-maven-repo/org/hibernate/hibernate-validator/5.3.5.Final/hibernate-validator-5.3.5.Final.jar:/Users/patrickeklund/apache-maven/apache-maven-repo/javax/validation/validation-api/1.1.0.Final/validation-api-1.1.0.Final.jar:/Users/patrickeklund/apache-maven/apache-maven-repo/org/jboss/logging/jboss-logging/3.3.0.Final/jboss-logging-3.3.0.Final.jar:/Users/patrickeklund/apache-maven/apache-maven-repo/com/fasterxml/classmate/1.3.1/classmate-1.3.1.jar:/Users/patrickeklund/apache-maven/apache-maven-repo/com/fasterxml/jackson/core/jackson-databind/2.8.10/jackson-databind-2.8.10.jar:/Users/patrickeklund/apache-maven/apache-maven-repo/com/fasterxml/jackson/core/jackson-annotations/2.8.0/jackson-annotations-2.8.0.jar:/Users/patrickeklund/apache-maven/apache-maven-repo/com/fasterxml/jackson/core/jackson-core/2.8.10/jackson-core-2.8.10.jar:/Users/patrickeklund/apache-maven/apache-maven-repo/org/springframework/spring-web/4.3.12.RELEASE/spring-web-4.3.12.RELEASE.jar:/Users/patrickeklund/apache-maven/apache-maven-repo/org/springframework/spring-aop/4.3.12.RELEASE/spring-aop-4.3.12.RELEASE.jar:/Users/patrickeklund/apache-maven/apache-maven-repo/org/springframework/spring-beans/4.3.12.RELEASE/spring-beans-4.3.12.RELEASE.jar:/Users/patrickeklund/apache-maven/apache-maven-repo/org/springframework/spring-context/4.3.12.RELEASE/spring-context-4.3.12.RELEASE.jar:/Users/patrickeklund/apache-maven/apache-maven-repo/org/springframework/spring-webmvc/4.3.12.RELEASE/spring-webmvc-4.3.12.RELEASE.jar:/Users/patrickeklund/apache-maven/apache-maven-repo/org/springframework/spring-expression/4.3.12.RELEASE/spring-expression-4.3.12.RELEASE.jar:/Users/patrickeklund/apache-maven/apache-maven-repo/org/springframework/boot/spring-boot-starter-actuator/1.5.8.RELEASE/spring-boot-starter-actuator-1.5.8.RELEASE.jar:/Users/patrickeklund/apache-maven/apache-maven-repo/org/springframework/boot/spring-boot-actuator/1.5.8.RELEASE/spring-boot-actuator-1.5.8.RELEASE.jar:/Users/patrickeklund/apache-maven/apache-maven-repo/org/springframework/boot/spring-boot-actuator-docs/1.5.8.RELEASE/spring-boot-actuator-docs-1.5.8.RELEASE.jar:/Users/patrickeklund/apache-maven/apache-maven-repo/org/springframework/hateoas/spring-hateoas/0.23.0.RELEASE/spring-hateoas-0.23.0.RELEASE.jar:/Users/patrickeklund/apache-maven/apache-maven-repo/org/slf4j/slf4j-api/1.7.22/slf4j-api-1.7.22.jar:/Users/patrickeklund/apache-maven/apache-maven-repo/org/springframework/spring-core/4.3.12.RELEASE/spring-core-4.3.12.RELEASE.jar:/Users/patrickeklund/apache-maven/apache-maven-repo/commons-logging/commons-logging/1.2/commons-logging-1.2.jar:/Users/patrickeklund/apache-maven/apache-maven-repo/org/springframework/boot/spring-boot-starter-test/1.5.8.RELEASE/spring-boot-starter-test-1.5.8.RELEASE.jar:/Users/patrickeklund/apache-maven/apache-maven-repo/org/springframework/boot/spring-boot-test/1.5.8.RELEASE/spring-boot-test-1.5.8.RELEASE.jar:/Users/patrickeklund/apache-maven/apache-maven-repo/org/springframework/boot/spring-boot-test-autoconfigure/1.5.8.RELEASE/spring-boot-test-autoconfigure-1.5.8.RELEASE.jar:/Users/patrickeklund/apache-maven/apache-maven-repo/com/jayway/jsonpath/json-path/2.2.0/json-path-2.2.0.jar:/Users/patrickeklund/apache-maven/apache-maven-repo/net/minidev/json-smart/2.2.1/json-smart-2.2.1.jar:/Users/patrickeklund/apache-maven/apache-maven-repo/net/minidev/accessors-smart/1.1/accessors-smart-1.1.jar:/Users/patrickeklund/apache-maven/apache-maven-repo/org/ow2/asm/asm/5.0.3/asm-5.0.3.jar:/Users/patrickeklund/apache-maven/apache-maven-repo/junit/junit/4.12/junit-4.12.jar:/Users/patrickeklund/apache-maven/apache-maven-repo/org/assertj/assertj-core/2.6.0/assertj-core-2.6.0.jar:/Users/patrickeklund/apache-maven/apache-maven-repo/org/mockito/mockito-core/1.10.19/mockito-core-1.10.19.jar:/Users/patrickeklund/apache-maven/apache-maven-repo/org/objenesis/objenesis/2.1/objenesis-2.1.jar:/Users/patrickeklund/apache-maven/apache-maven-repo/org/hamcrest/hamcrest-core/1.3/hamcrest-core-1.3.jar:/Users/patrickeklund/apache-maven/apache-maven-repo/org/hamcrest/hamcrest-library/1.3/hamcrest-library-1.3.jar:/Users/patrickeklund/apache-maven/apache-maven-repo/org/skyscreamer/jsonassert/1.4.0/jsonassert-1.4.0.jar:/Users/patrickeklund/apache-maven/apache-maven-repo/com/vaadin/external/google/android-json/0.0.20131108.vaadin1/android-json-0.0.20131108.vaadin1.jar:/Users/patrickeklund/apache-maven/apache-maven-repo/org/springframework/spring-test/4.3.12.RELEASE/spring-test-4.3.12.RELEASE.jar:"/>
    <property name="java.vm.vendor" value="Oracle Corporation"/>
    <property name="sun.arch.data.model" value="64"/>
    <property name="java.vendor.url" value="http://java.oracle.com/"/>
    <property name="user.timezone" value=""/>
    <property name="java.vm.specification.version" value="1.8"/>
    <property name="os.name" value="Mac OS X"/>
    <property name="user.country" value="SE"/>
    <property name="sun.java.launcher" value="SUN_STANDARD"/>
    <property name="sun.boot.library.path" value="/Library/Java/JavaVirtualMachines/jdk1.8.0_131.jdk/Contents/Home/jre/lib"/>
    <property name="sun.java.command" value="/Users/patrickeklund/Code/GitHub/automaticBuild/server/target/surefire/surefirebooter2366300851326297106.jar /Users/patrickeklund/Code/GitHub/automaticBuild/server/target/surefire 2017-12-07T14-35-03_983-jvmRun1 surefire8976767207509783746tmp surefire_07876556404311860193tmp"/>
    <property name="http.nonProxyHosts" value="local|*.local|169.254/16|*.169.254/16"/>
    <property name="surefire.test.class.path" value="/Users/patrickeklund/Code/GitHub/automaticBuild/server/target/test-classes:/Users/patrickeklund/Code/GitHub/automaticBuild/server/target/classes:/Users/patrickeklund/apache-maven/apache-maven-repo/org/springframework/boot/spring-boot-starter-web/1.5.8.RELEASE/spring-boot-starter-web-1.5.8.RELEASE.jar:/Users/patrickeklund/apache-maven/apache-maven-repo/org/springframework/boot/spring-boot-starter/1.5.8.RELEASE/spring-boot-starter-1.5.8.RELEASE.jar:/Users/patrickeklund/apache-maven/apache-maven-repo/org/springframework/boot/spring-boot/1.5.8.RELEASE/spring-boot-1.5.8.RELEASE.jar:/Users/patrickeklund/apache-maven/apache-maven-repo/org/springframework/boot/spring-boot-autoconfigure/1.5.8.RELEASE/spring-boot-autoconfigure-1.5.8.RELEASE.jar:/Users/patrickeklund/apache-maven/apache-maven-repo/org/springframework/boot/spring-boot-starter-logging/1.5.8.RELEASE/spring-boot-starter-logging-1.5.8.RELEASE.jar:/Users/patrickeklund/apache-maven/apache-maven-repo/ch/qos/logback/logback-classic/1.1.11/logback-classic-1.1.11.jar:/Users/patrickeklund/apache-maven/apache-maven-repo/ch/qos/logback/logback-core/1.1.11/logback-core-1.1.11.jar:/Users/patrickeklund/apache-maven/apache-maven-repo/org/slf4j/jcl-over-slf4j/1.7.25/jcl-over-slf4j-1.7.25.jar:/Users/patrickeklund/apache-maven/apache-maven-repo/org/slf4j/jul-to-slf4j/1.7.25/jul-to-slf4j-1.7.25.jar:/Users/patrickeklund/apache-maven/apache-maven-repo/org/slf4j/log4j-over-slf4j/1.7.25/log4j-over-slf4j-1.7.25.jar:/Users/patrickeklund/apache-maven/apache-maven-repo/org/yaml/snakeyaml/1.17/snakeyaml-1.17.jar:/Users/patrickeklund/apache-maven/apache-maven-repo/org/springframework/boot/spring-boot-starter-tomcat/1.5.8.RELEASE/spring-boot-starter-tomcat-1.5.8.RELEASE.jar:/Users/patrickeklund/apache-maven/apache-maven-repo/org/apache/tomcat/embed/tomcat-embed-core/8.5.23/tomcat-embed-core-8.5.23.jar:/Users/patrickeklund/apache-maven/apache-maven-repo/org/apache/tomcat/tomcat-annotations-api/8.5.23/tomcat-annotations-api-8.5.23.jar:/Users/patrickeklund/apache-maven/apache-maven-repo/org/apache/tomcat/embed/tomcat-embed-el/8.5.23/tomcat-embed-el-8.5.23.jar:/Users/patrickeklund/apache-maven/apache-maven-repo/org/apache/tomcat/embed/tomcat-embed-websocket/8.5.23/tomcat-embed-websocket-8.5.23.jar:/Users/patrickeklund/apache-maven/apache-maven-repo/org/hibernate/hibernate-validator/5.3.5.Final/hibernate-validator-5.3.5.Final.jar:/Users/patrickeklund/apache-maven/apache-maven-repo/javax/validation/validation-api/1.1.0.Final/validation-api-1.1.0.Final.jar:/Users/patrickeklund/apache-maven/apache-maven-repo/org/jboss/logging/jboss-logging/3.3.0.Final/jboss-logging-3.3.0.Final.jar:/Users/patrickeklund/apache-maven/apache-maven-repo/com/fasterxml/classmate/1.3.1/classmate-1.3.1.jar:/Users/patrickeklund/apache-maven/apache-maven-repo/com/fasterxml/jackson/core/jackson-databind/2.8.10/jackson-databind-2.8.10.jar:/Users/patrickeklund/apache-maven/apache-maven-repo/com/fasterxml/jackson/core/jackson-annotations/2.8.0/jackson-annotations-2.8.0.jar:/Users/patrickeklund/apache-maven/apache-maven-repo/com/fasterxml/jackson/core/jackson-core/2.8.10/jackson-core-2.8.10.jar:/Users/patrickeklund/apache-maven/apache-maven-repo/org/springframework/spring-web/4.3.12.RELEASE/spring-web-4.3.12.RELEASE.jar:/Users/patrickeklund/apache-maven/apache-maven-repo/org/springframework/spring-aop/4.3.12.RELEASE/spring-aop-4.3.12.RELEASE.jar:/Users/patrickeklund/apache-maven/apache-maven-repo/org/springframework/spring-beans/4.3.12.RELEASE/spring-beans-4.3.12.RELEASE.jar:/Users/patrickeklund/apache-maven/apache-maven-repo/org/springframework/spring-context/4.3.12.RELEASE/spring-context-4.3.12.RELEASE.jar:/Users/patrickeklund/apache-maven/apache-maven-repo/org/springframework/spring-webmvc/4.3.12.RELEASE/spring-webmvc-4.3.12.RELEASE.jar:/Users/patrickeklund/apache-maven/apache-maven-repo/org/springframework/spring-expression/4.3.12.RELEASE/spring-expression-4.3.12.RELEASE.jar:/Users/patrickeklund/apache-maven/apache-maven-repo/org/springframework/boot/spring-boot-starter-actuator/1.5.8.RELEASE/spring-boot-starter-actuator-1.5.8.RELEASE.jar:/Users/patrickeklund/apache-maven/apache-maven-repo/org/springframework/boot/spring-boot-actuator/1.5.8.RELEASE/spring-boot-actuator-1.5.8.RELEASE.jar:/Users/patrickeklund/apache-maven/apache-maven-repo/org/springframework/boot/spring-boot-actuator-docs/1.5.8.RELEASE/spring-boot-actuator-docs-1.5.8.RELEASE.jar:/Users/patrickeklund/apache-maven/apache-maven-repo/org/springframework/hateoas/spring-hateoas/0.23.0.RELEASE/spring-hateoas-0.23.0.RELEASE.jar:/Users/patrickeklund/apache-maven/apache-maven-repo/org/slf4j/slf4j-api/1.7.22/slf4j-api-1.7.22.jar:/Users/patrickeklund/apache-maven/apache-maven-repo/org/springframework/spring-core/4.3.12.RELEASE/spring-core-4.3.12.RELEASE.jar:/Users/patrickeklund/apache-maven/apache-maven-repo/commons-logging/commons-logging/1.2/commons-logging-1.2.jar:/Users/patrickeklund/apache-maven/apache-maven-repo/org/springframework/boot/spring-boot-starter-test/1.5.8.RELEASE/spring-boot-starter-test-1.5.8.RELEASE.jar:/Users/patrickeklund/apache-maven/apache-maven-repo/org/springframework/boot/spring-boot-test/1.5.8.RELEASE/spring-boot-test-1.5.8.RELEASE.jar:/Users/patrickeklund/apache-maven/apache-maven-repo/org/springframework/boot/spring-boot-test-autoconfigure/1.5.8.RELEASE/spring-boot-test-autoconfigure-1.5.8.RELEASE.jar:/Users/patrickeklund/apache-maven/apache-maven-repo/com/jayway/jsonpath/json-path/2.2.0/json-path-2.2.0.jar:/Users/patrickeklund/apache-maven/apache-maven-repo/net/minidev/json-smart/2.2.1/json-smart-2.2.1.jar:/Users/patrickeklund/apache-maven/apache-maven-repo/net/minidev/accessors-smart/1.1/accessors-smart-1.1.jar:/Users/patrickeklund/apache-maven/apache-maven-repo/org/ow2/asm/asm/5.0.3/asm-5.0.3.jar:/Users/patrickeklund/apache-maven/apache-maven-repo/junit/junit/4.12/junit-4.12.jar:/Users/patrickeklund/apache-maven/apache-maven-repo/org/assertj/assertj-core/2.6.0/assertj-core-2.6.0.jar:/Users/patrickeklund/apache-maven/apache-maven-repo/org/mockito/mockito-core/1.10.19/mockito-core-1.10.19.jar:/Users/patrickeklund/apache-maven/apache-maven-repo/org/objenesis/objenesis/2.1/objenesis-2.1.jar:/Users/patrickeklund/apache-maven/apache-maven-repo/org/hamcrest/hamcrest-core/1.3/hamcrest-core-1.3.jar:/Users/patrickeklund/apache-maven/apache-maven-repo/org/hamcrest/hamcrest-library/1.3/hamcrest-library-1.3.jar:/Users/patrickeklund/apache-maven/apache-maven-repo/org/skyscreamer/jsonassert/1.4.0/jsonassert-1.4.0.jar:/Users/patrickeklund/apache-maven/apache-maven-repo/com/vaadin/external/google/android-json/0.0.20131108.vaadin1/android-json-0.0.20131108.vaadin1.jar:/Users/patrickeklund/apache-maven/apache-maven-repo/org/springframework/spring-test/4.3.12.RELEASE/spring-test-4.3.12.RELEASE.jar:"/>
    <property name="sun.cpu.endian" value="little"/>
    <property name="user.home" value="/Users/patrickeklund"/>
    <property name="user.language" value="sv"/>
    <property name="java.specification.vendor" value="Oracle Corporation"/>
    <property name="java.home" value="/Library/Java/JavaVirtualMachines/jdk1.8.0_131.jdk/Contents/Home/jre"/>
    <property name="basedir" value="/Users/patrickeklund/Code/GitHub/automaticBuild/server"/>
    <property name="file.separator" value="/"/>
    <property name="line.separator" value="&#10;"/>
    <property name="java.vm.specification.vendor" value="Oracle Corporation"/>
    <property name="java.specification.name" value="Java Platform API Specification"/>
    <property name="java.awt.graphicsenv" value="sun.awt.CGraphicsEnvironment"/>
    <property name="surefire.real.class.path" value="/Users/patrickeklund/Code/GitHub/automaticBuild/server/target/surefire/surefirebooter2366300851326297106.jar"/>
    <property name="sun.boot.class.path" value="/Library/Java/JavaVirtualMachines/jdk1.8.0_131.jdk/Contents/Home/jre/lib/resources.jar:/Library/Java/JavaVirtualMachines/jdk1.8.0_131.jdk/Contents/Home/jre/lib/rt.jar:/Library/Java/JavaVirtualMachines/jdk1.8.0_131.jdk/Contents/Home/jre/lib/sunrsasign.jar:/Library/Java/JavaVirtualMachines/jdk1.8.0_131.jdk/Contents/Home/jre/lib/jsse.jar:/Library/Java/JavaVirtualMachines/jdk1.8.0_131.jdk/Contents/Home/jre/lib/jce.jar:/Library/Java/JavaVirtualMachines/jdk1.8.0_131.jdk/Contents/Home/jre/lib/charsets.jar:/Library/Java/JavaVirtualMachines/jdk1.8.0_131.jdk/Contents/Home/jre/lib/jfr.jar:/Library/Java/JavaVirtualMachines/jdk1.8.0_131.jdk/Contents/Home/jre/classes"/>
    <property name="sun.management.compiler" value="HotSpot 64-Bit Tiered Compilers"/>
    <property name="ftp.nonProxyHosts" value="local|*.local|169.254/16|*.169.254/16"/>
    <property name="java.runtime.version" value="1.8.0_131-b11"/>
    <property name="user.name" value="patrickeklund"/>
    <property name="path.separator" value=":"/>
    <property name="os.version" value="10.13.2"/>
    <property name="java.endorsed.dirs" value="/Library/Java/JavaVirtualMachines/jdk1.8.0_131.jdk/Contents/Home/jre/lib/endorsed"/>
    <property name="java.runtime.name" value="Java(TM) SE Runtime Environment"/>
    <property name="file.encoding" value="UTF-8"/>
    <property name="java.vm.name" value="Java HotSpot(TM) 64-Bit Server VM"/>
    <property name="localRepository" value="/Users/patrickeklund/apache-maven/apache-maven-repo"/>
    <property name="java.vendor.url.bug" value="http://bugreport.sun.com/bugreport/"/>
    <property name="java.io.tmpdir" value="/var/folders/qw/72xvxt411g1078cfggw0yl0r0000gn/T/"/>
    <property name="java.version" value="1.8.0_131"/>
    <property name="user.dir" value="/Users/patrickeklund/Code/GitHub/automaticBuild/server"/>
    <property name="os.arch" value="x86_64"/>
    <property name="java.vm.specification.name" value="Java Virtual Machine Specification"/>
    <property name="java.awt.printerjob" value="sun.lwawt.macosx.CPrinterJob"/>
    <property name="user.language.format" value="en"/>
    <property name="sun.os.patch.level" value="unknown"/>
    <property name="java.library.path" value="/Users/patrickeklund/Library/Java/Extensions:/Library/Java/Extensions:/Network/Library/Java/Extensions:/System/Library/Java/Extensions:/usr/lib/java:."/>
    <property name="java.vm.info" value="mixed mode"/>
    <property name="java.vendor" value="Oracle Corporation"/>
    <property name="java.vm.version" value="25.131-b11"/>
    <property name="java.ext.dirs" value="/Users/patrickeklund/Library/Java/Extensions:/Library/Java/JavaVirtualMachines/jdk1.8.0_131.jdk/Contents/Home/jre/lib/ext:/Library/Java/Extensions:/Network/Library/Java/Extensions:/System/Library/Java/Extensions:/usr/lib/java"/>
    <property name="sun.io.unicode.encoding" value="UnicodeBig"/>
    <property name="java.class.version" value="52.0"/>
    <property name="socksNonProxyHosts" value="local|*.local|169.254/16|*.169.254/16"/>
  </properties>
  <testcase name="contextLoads" classname="github.com.patrickeklund.automaticbuild.AutomaticBuildApplicationTest" time="0.021"/>
</testsuite>